<?xml version="1.0" encoding="UTF-8"?>
<!-- Generated by org.testng.reporters.JUnitReportReporter -->
<testsuite hostname="LAPTOP-RHE2696S" name="com.TestCases.TC_ProductPageTest" tests="1" failures="0" timestamp="20 May 2025 10:22:42 GMT" time="6.307" errors="0">
  <testcase name="VerifySearchProduct" time="6.307" classname="com.TestCases.TC_ProductPageTest"/>
</testsuite> <!-- com.TestCases.TC_ProductPageTest -->
