<?xml version="1.0" encoding="UTF-8"?>
<!-- Generated by org.testng.reporters.JUnitReportReporter -->
<testsuite hostname="LAPTOP-RHE2696S" name="com.TestCases.TC_MyAccount" tests="1" failures="0" timestamp="20 May 2025 10:22:00 GMT" time="5.677" errors="0">
  <testcase name="verifyLogin" time="5.677" classname="com.TestCases.TC_MyAccount"/>
</testsuite> <!-- com.TestCases.TC_MyAccount -->
